0 info it worked if it ends with ok
1 verbose cli [ '/usr/bin/node', '/usr/bin/npm', 'i' ]
2 info using npm@3.5.2
3 info using node@v8.10.0
4 silly loadCurrentTree Starting
5 silly install loadCurrentTree
6 silly install readLocalPackageData
7 silly install normalizeTree
8 silly loadCurrentTree Finishing
9 silly loadIdealTree Starting
10 silly install loadIdealTree
11 silly cloneCurrentTree Starting
12 silly install cloneCurrentTreeToIdealTree
13 silly cloneCurrentTree Finishing
14 silly loadShrinkwrap Starting
15 silly install loadShrinkwrap
16 silly loadShrinkwrap Finishing
17 silly loadAllDepsIntoIdealTree Starting
18 silly install loadAllDepsIntoIdealTree
19 silly fetchNamedPackageData lite-server
20 silly mapToRegistry name lite-server
21 silly mapToRegistry using default registry
22 silly mapToRegistry registry https://registry.npmjs.org/
23 silly mapToRegistry uri https://registry.npmjs.org/lite-server
24 verbose request uri https://registry.npmjs.org/lite-server
25 verbose request no auth needed
26 info attempt registry request try #1 at 11:38:38 AM
27 verbose request id 9c4e32b432c44cc5
28 http request GET https://registry.npmjs.org/lite-server
29 info retry will retry, error on last attempt: Error: getaddrinfo ENOTFOUND registry.npmjs.org registry.npmjs.org:443
30 info attempt registry request try #2 at 11:38:58 AM
31 http request GET https://registry.npmjs.org/lite-server
32 info retry will retry, error on last attempt: Error: getaddrinfo ENOTFOUND registry.npmjs.org registry.npmjs.org:443
33 info attempt registry request try #3 at 11:40:08 AM
34 http request GET https://registry.npmjs.org/lite-server
35 silly fetchPackageMetaData Error: getaddrinfo ENOTFOUND registry.npmjs.org registry.npmjs.org:443
35 silly fetchPackageMetaData     at errnoException (dns.js:50:10)
35 silly fetchPackageMetaData     at GetAddrInfoReqWrap.onlookup [as oncomplete] (dns.js:92:26)
35 silly fetchPackageMetaData  error for lite-server@^2.3.0 { Error: getaddrinfo ENOTFOUND registry.npmjs.org registry.npmjs.org:443
35 silly fetchPackageMetaData     at errnoException (dns.js:50:10)
35 silly fetchPackageMetaData     at GetAddrInfoReqWrap.onlookup [as oncomplete] (dns.js:92:26)
35 silly fetchPackageMetaData   code: 'ENOTFOUND',
35 silly fetchPackageMetaData   errno: 'ENOTFOUND',
35 silly fetchPackageMetaData   syscall: 'getaddrinfo',
35 silly fetchPackageMetaData   hostname: 'registry.npmjs.org',
35 silly fetchPackageMetaData   host: 'registry.npmjs.org',
35 silly fetchPackageMetaData   port: 443 }
36 silly rollbackFailedOptional Starting
37 silly rollbackFailedOptional Finishing
38 silly runTopLevelLifecycles Starting
39 silly runTopLevelLifecycles Finishing
40 silly install printInstalled
41 verbose stack Error: getaddrinfo ENOTFOUND registry.npmjs.org registry.npmjs.org:443
41 verbose stack     at errnoException (dns.js:50:10)
41 verbose stack     at GetAddrInfoReqWrap.onlookup [as oncomplete] (dns.js:92:26)
42 verbose cwd /home/aslam/coursera/Front-End Web UI Frameworks and Tools: Bootstrap 4/conFusion
43 error Linux 4.15.0-96-generic
44 error argv "/usr/bin/node" "/usr/bin/npm" "i"
45 error node v8.10.0
46 error npm  v3.5.2
47 error code ENOTFOUND
48 error errno ENOTFOUND
49 error syscall getaddrinfo
50 error network getaddrinfo ENOTFOUND registry.npmjs.org registry.npmjs.org:443
51 error network This is most likely not a problem with npm itself
51 error network and is related to network connectivity.
51 error network In most cases you are behind a proxy or have bad network settings.
51 error network
51 error network If you are behind a proxy, please make sure that the
51 error network 'proxy' config is set properly.  See: 'npm help config'
52 verbose exit [ 1, true ]
